This is TeX, C Version 2.95 (preloaded format=lplain 90.11.14)  13 MAR 1995 14:18
**&lplain control_sp
(control_sp.tex
LaTeX Version 2.09 <4 Aug 1988>
(/usr/local/lib/tex/inputs/revtex.sty
Filename: revtex.sty, v3.0 <27 October 92>
(/usr/local/lib/tex/inputs/aps.sty
Filename: aps.sty, v3.0 <28 October 1992>
REVTeX message: NFSS not detected. Assuming OFSS.
(/usr/local/lib/tex/inputs/aps10.sty
Filename: aps10.sty, v3.0 <2 October 1992>
)
\c@part=\count78
\c@section=\count79
\c@subsection=\count80
\c@subsubsection=\count81
\c@paragraph=\count82
\c@subparagraph=\count83
\@indentflag=\count84
\@eqtoeqnum=\dimen99
\c@eqletter=\count85
\c@equation=\count86
\@testboxa=\box25
\@testboxb=\box26
 (/usr/local/lib/tex/inputs/prabib.sty
Filename: prabib.sty, v3.0 <9/14/92>
\WidestRefLabelThusFar=\dimen100
)
\c@figure=\count87
\c@table=\count88
\c@tablenote=\count89
\@Ldec=\dimen101
\@Rdec=\dimen102
)) (/usr/local/lib/tex/inputs/psfig.tex
\@unused=\write3

psfig/tex 1.9
\ps@stream=\read0
\p@intvaluex=\dimen103
\p@intvaluey=\dimen104
) (control_sp.aux) (/usr/local/lib/tex/inputs/epsf.tex
\epsffilein=\read1
\epsfxsize=\dimen105
\epsfysize=\dimen106
\epsftsize=\dimen107
\epsfrsize=\dimen108
\epsftmp=\dimen109
\pspoints=\dimen110
)
Underfull \hbox (badness 1194) in paragraph at lines 86--95
[]\tenrm We note in pass-ing that the con-trol of strongly

\hbox(6.94444+1.94444)x246.0, glue set 2.28749
.\hbox(0.0+0.0)x10.00002
.\tenrm W
.\kern-0.83334
.\tenrm e
.\glue 3.33333 plus 1.66666 minus 1.11111
.etc.

[1



]
psfig: searching Fig1.ps for bounding box
psfig: including Fig1.ps 
psfig: searching Fig2_cont.ps for bounding box
psfig: including Fig2_cont.ps 
[2] [3]
psfig: searching Fig3.ps for bounding box
psfig: including Fig3.ps 
psfig: searching Fig4_cont.ps for bounding box
psfig: including Fig4_cont.ps 
[4] (control_sp.aux) 
Here is how much of TeX's memory you used:
 685 strings out of 4614
 6298 string characters out of 64111
 49389 words of memory out of 262141
 2575 multiletter control sequences out of 9500
 20236 words of font info for 76 fonts, out of 72000 for 255
 14 hyphenation exceptions out of 607
 15i,6n,16p,355b,193s stack positions out of 300i,40n,60p,2000b,4000s

Output written on control_sp.dvi (4 pages, 29420 bytes).
